<?xml version="1.0" encoding="UTF-8"?>
<!-- Generated by org.testng.reporters.JUnitReportReporter -->
<testsuite skipped="0" hostname="admin-PC" name="webApplicationTesting.webTestCases.GoogleLaunchURLTest" tests="1" failures="0" timestamp="17 Mar 2019 06:23:09 GMT" time="1.329" errors="0">
  <testcase name="LaunchGoogleURL" time="1.329" classname="webApplicationTesting.webTestCases.GoogleLaunchURLTest"/>
</testsuite> <!-- webApplicationTesting.webTestCases.GoogleLaunchURLTest -->
