<?xml version="1.0" encoding="UTF-8"?>
<!-- Generated by org.testng.reporters.JUnitReportReporter -->
<testsuite skipped="0" hostname="admin-PC" name="webApplicationTesting.webTestCases.GoogleLaunchURLTest" tests="1" failures="0" timestamp="24 Mar 2019 05:43:54 GMT" time="25.668" errors="0">
  <testcase name="LaunchGoogleURL" time="25.668" classname="webApplicationTesting.webTestCases.GoogleLaunchURLTest"/>
</testsuite> <!-- webApplicationTesting.webTestCases.GoogleLaunchURLTest -->
