<?xml version="1.0" encoding="UTF-8"?>
<!-- Generated by org.testng.reporters.JUnitReportReporter -->
<testsuite skipped="0" hostname="admin-PC" name="webApplicationTesting.webTestCases.GoogleLaunchURLTest" tests="1" failures="0" timestamp="30 Mar 2019 11:12:52 GMT" time="7.720" errors="0">
  <testcase name="LaunchGoogleURL" time="7.720" classname="webApplicationTesting.webTestCases.GoogleLaunchURLTest"/>
</testsuite> <!-- webApplicationTesting.webTestCases.GoogleLaunchURLTest -->
