<?xml version="1.0" encoding="UTF-8"?>
<!-- Generated by org.testng.reporters.JUnitReportReporter -->
<testsuite skipped="0" hostname="admin-PC" name="webApplicationTesting.webTestCases.ManulifeLaunchURLTest" tests="1" failures="0" timestamp="06 Apr 2019 15:13:26 GMT" time="31.013" errors="0">
  <testcase name="LaunchManulifeURL" time="31.013" classname="webApplicationTesting.webTestCases.ManulifeLaunchURLTest"/>
</testsuite> <!-- webApplicationTesting.webTestCases.ManulifeLaunchURLTest -->
