<?xml version="1.0" encoding="UTF-8"?>
<!-- Generated by org.testng.reporters.JUnitReportReporter -->
<testsuite skipped="0" hostname="admin-PC" name="webApplicationTesting.webTestCases.ManulifeLaunchURLTest" tests="1" failures="0" timestamp="17 Mar 2019 06:25:50 GMT" time="18.316" errors="0">
  <testcase name="LaunchManulifeURL" time="18.316" classname="webApplicationTesting.webTestCases.ManulifeLaunchURLTest"/>
</testsuite> <!-- webApplicationTesting.webTestCases.ManulifeLaunchURLTest -->
