<?xml version="1.0" encoding="UTF-8"?>
<!-- Generated by org.testng.reporters.JUnitReportReporter -->
<testsuite skipped="0" hostname="admin-PC" name="webApplicationTesting.webTestCases.GoogleLaunchURLTest" tests="1" failures="0" timestamp="01 Apr 2019 04:18:15 GMT" time="2.944" errors="0">
  <testcase name="LaunchGoogleURL" time="2.944" classname="webApplicationTesting.webTestCases.GoogleLaunchURLTest"/>
</testsuite> <!-- webApplicationTesting.webTestCases.GoogleLaunchURLTest -->
